[13:20:40] [ServerMain/INFO]: Environment: authHost='https://authserver.mojang.com', accountsHost='https://api.mojang.com', sessionHost='https://sessionserver.mojang.com', servicesHost='https://api.minecraftservices.com', name='PROD'
[13:20:40] [ServerMain/WARN]: Ignored non-lowercase namespace: .DS_Store in .\world\datapacks\JumpPackDP
[13:20:40] [ServerMain/WARN]: Ignored non-lowercase namespace: .DS_Store in .\world\datapacks\JumpPackDP
[13:20:41] [Worker-Main-1/ERROR]: Invalid path in pack: minecraft:tags/functions/.DS_Store, ignoring
[13:20:41] [Worker-Main-8/ERROR]: Invalid path in pack: example_pack:functions/.DS_Store, ignoring
[13:20:41] [ServerMain/INFO]: Loaded 7 recipes
[13:20:41] [ServerMain/INFO]: Loaded 1297 advancements
[13:20:42] [Server thread/INFO]: Starting minecraft server version 1.20.1
[13:20:42] [Server thread/INFO]: Loading properties
[13:20:42] [Server thread/INFO]: Default game type: SURVIVAL
[13:20:42] [Server thread/INFO]: Generating keypair
[13:20:42] [Server thread/INFO]: Starting Minecraft server on *:25565
[13:20:42] [Server thread/INFO]: Using default channel type
[13:20:42] [Server thread/INFO]: Preparing level "world"
[13:20:42] [Server thread/INFO]: Preparing start region for dimension minecraft:overworld
[13:20:46] [Worker-Main-7/INFO]: Preparing spawn area: 0%
[13:20:46] [Worker-Main-7/INFO]: Preparing spawn area: 0%
[13:20:47] [Worker-Main-7/INFO]: Preparing spawn area: 0%
[13:20:47] [Worker-Main-7/INFO]: Preparing spawn area: 0%
[13:20:47] [Worker-Main-7/INFO]: Preparing spawn area: 0%
[13:20:47] [Worker-Main-7/INFO]: Preparing spawn area: 0%
[13:20:47] [Worker-Main-7/INFO]: Preparing spawn area: 0%
[13:20:47] [Worker-Main-7/INFO]: Preparing spawn area: 0%
[13:20:47] [Worker-Main-7/INFO]: Preparing spawn area: 0%
[13:20:47] [Worker-Main-7/INFO]: Preparing spawn area: 0%
[13:20:47] [Worker-Main-7/INFO]: Preparing spawn area: 0%
[13:20:48] [Worker-Main-6/INFO]: Preparing spawn area: 1%
[13:20:48] [Worker-Main-6/INFO]: Preparing spawn area: 5%
[13:20:49] [Worker-Main-8/INFO]: Preparing spawn area: 61%
[13:20:49] [Server thread/INFO]: Time elapsed: 6802 ms
[13:20:49] [Server thread/INFO]: Done (6.935s)! For help, type "help"
[13:20:54] [User Authenticator #1/INFO]: UUID of player DittoNut is bba15cc6-cfe1-43c3-9c7c-07acaa669d23
[13:20:55] [Server thread/INFO]: DittoNut[/127.0.0.1:50990] logged in with entity id 16 at (-20.941956669076113, 35.0, 31.774213659659427)
[13:20:55] [Server thread/INFO]: DittoNut joined the game
[13:21:09] [User Authenticator #2/INFO]: UUID of player swdt_ is 4bc70ee0-144b-4552-9a60-26cf493ba4ea
[13:21:09] [Server thread/INFO]: swdt_[/49.165.230.229:53592] logged in with entity id 17 at (-19.786067163138853, 35.0, 28.690077392764696)
[13:21:09] [Server thread/INFO]: swdt_ joined the game
[13:21:14] [Server thread/INFO]: <DittoNut> dj
[13:21:14] [Server thread/INFO]: <DittoNut> 어
[13:21:17] [Server thread/INFO]: <DittoNut> 왜안돼지
[13:21:24] [Server thread/INFO]: <DittoNut> 맵 리셋함요
[13:21:25] [Server thread/INFO]: <DittoNut> ㄱㄷ
[13:21:26] [Server thread/INFO]: <DittoNut> 오
[13:21:32] [Server thread/INFO]: <DittoNut> 어
[13:21:36] [Server thread/INFO]: <DittoNut> 뭐임
[13:21:39] [Server thread/INFO]: <swdt_> 스타트 했어요
[13:22:02] [Server thread/INFO]: <swdt_> 이런식
[13:22:05] [Server thread/INFO]: <DittoNut> 아하
[13:22:07] [Server thread/INFO]: <DittoNut> 도와주면서
[13:22:15] [Server thread/INFO]: <swdt_> 네
[13:22:20] [Server thread/INFO]: <DittoNut> 오셈
[13:22:37] [Server thread/INFO]: <swdt_> ?????
[13:22:47] [Server thread/INFO]: <swdt_> ?
[13:22:50] [Server thread/INFO]: <DittoNut> >
[13:23:00] [Server thread/INFO]: <DittoNut> ?
[13:23:02] [Server thread/INFO]: <DittoNut> :>
[13:23:04] [Server thread/INFO]: <DittoNut> :<
[13:23:05] [Server thread/INFO]: <swdt_> 때려야죠
[13:23:09] [Server thread/INFO]: <DittoNut> ?
[13:23:15] [Server thread/INFO]: <swdt_> 제가 넘어감
[13:23:31] [Server thread/INFO]: <swdt_> 여기로 점프해봥요
[13:23:45] [Server thread/INFO]: <DittoNut> 튜토
[13:23:46] [Server thread/INFO]: <swdt_> 저기요?
[13:23:46] [Server thread/INFO]: <DittoNut> 봄
[13:23:47] [Server thread/INFO]: <DittoNut> ㄱㄷㄱㄷ
[13:23:49] [Server thread/INFO]: <swdt_> ㅇㅋ
[13:24:06] [Server thread/INFO]: <DittoNut> 아 동시에 ㅋㅋㅋㅋㅋㅋㅋㅋㅋㅋㅋㅋㅋㅋㅋㅋㅋㅋㅋㅋㅌ
[13:24:11] [Server thread/INFO]: <DittoNut> 돌아와요
[13:24:12] [Server thread/INFO]: <swdt_> ?
[13:24:13] [Server thread/INFO]: <swdt_> ㅋㅋㅋㅋㅋ
[13:24:16] [Server thread/INFO]: <DittoNut> 동시에 치는거
[13:24:20] [Server thread/INFO]: <swdt_> 3
[13:24:21] [Server thread/INFO]: <swdt_> 2
[13:24:22] [Server thread/INFO]: <swdt_> 1
[13:24:25] [Server thread/INFO]: <DittoNut> ㄲㅂ
[13:24:27] [Server thread/INFO]: <swdt_> 3
[13:24:28] [Server thread/INFO]: <swdt_> 2
[13:24:29] [Server thread/INFO]: <swdt_> 1
[13:24:33] [Server thread/INFO]: <swdt_> 3
[13:24:34] [Server thread/INFO]: <swdt_> 2
[13:24:35] [Server thread/INFO]: <swdt_> 1
[13:24:39] [Server thread/INFO]: <swdt_> 3
[13:24:41] [Server thread/INFO]: <swdt_> 2
[13:24:42] [Server thread/INFO]: <swdt_> 1
[13:24:46] [Server thread/INFO]: <swdt_> 3
[13:24:47] [Server thread/INFO]: <swdt_> 2
[13:24:48] [Server thread/INFO]: <swdt_> 1
[13:24:51] [Server thread/INFO]: <swdt_> ?
[13:24:53] [Server thread/INFO]: <swdt_> 3
[13:24:54] [Server thread/INFO]: <DittoNut> ㅋㅋ
[13:24:55] [Server thread/INFO]: <swdt_> 2
[13:24:56] [Server thread/INFO]: <swdt_> 1
[13:25:01] [Server thread/INFO]: <swdt_> ㅇㅋ 딜레이 확인
[13:25:04] [Server thread/INFO]: <swdt_> 3
[13:25:04] [Server thread/INFO]: <DittoNut> 저 시계 보이죠?
[13:25:08] [Server thread/INFO]: <DittoNut> 저거기준
[13:25:10] [Server thread/INFO]: <DittoNut> 3
[13:25:10] [Server thread/INFO]: <swdt_> ?
[13:25:10] [Server thread/INFO]: <DittoNut> 2
[13:25:13] [Server thread/INFO]: <swdt_> 시계가 어디있
[13:25:15] [Server thread/INFO]: <DittoNut> 옆에
[13:25:17] [Server thread/INFO]: <DittoNut> CurrentTIme
[13:25:21] [Server thread/INFO]: <DittoNut> 스코어보드
[13:25:23] [Server thread/INFO]: <swdt_> 네
[13:25:23] [Server thread/INFO]: <DittoNut> 3
[13:25:24] [Server thread/INFO]: <DittoNut> 2
[13:25:25] [Server thread/INFO]: <swdt_> 그 옆에 안떠요
[13:25:30] [Server thread/INFO]: <DittoNut> 스코어보드
[13:25:31] [Server thread/INFO]: <DittoNut> 안뜸?
[13:25:34] [Server thread/INFO]: <swdt_> 뜨는데
[13:25:35] [Server thread/INFO]: <swdt_> 시간 안뜸
[13:25:42] [Server thread/INFO]: <DittoNut> CurrentTime에 빨간색이
[13:25:43] [Server thread/INFO]: <DittoNut> 시간
[13:25:44] [Server thread/INFO]: <DittoNut> 3
[13:25:45] [Server thread/INFO]: <DittoNut> 2
[13:25:55] [Server thread/INFO]: <DittoNut> 3
[13:25:55] [Server thread/INFO]: <swdt_> ????
[13:25:56] [Server thread/INFO]: <swdt_> 저 안뜨는데
[13:25:57] [Server thread/INFO]: <DittoNut> ㅋㅋㅋㅋ
[13:25:59] [Server thread/INFO]: <DittoNut> ?
[13:26:04] [Server thread/INFO]: <DittoNut> 모니터 짤린건 아니고?
[13:26:05] [Server thread/INFO]: <DittoNut> 3
[13:26:06] [Server thread/INFO]: <DittoNut> 2
[13:26:07] [Server thread/INFO]: <DittoNut> 1
[13:26:14] [Server thread/INFO]: <DittoNut> 3
[13:26:15] [Server thread/INFO]: <DittoNut> 2
[13:26:17] [Server thread/INFO]: <DittoNut> 1
[13:26:19] [Server thread/INFO]: <DittoNut> 오
[13:26:20] [Server thread/INFO]: <swdt_> 옹
[13:26:48] [Server thread/INFO]: <swdt_> 욜로 와봐요
[13:26:51] [Server thread/INFO]: <DittoNut> 위에 가는건듯
[13:26:57] [Server thread/INFO]: <DittoNut> 3
[13:26:59] [Server thread/INFO]: <DittoNut> 점프뛰셈
[13:27:13] [Server thread/INFO]: <DittoNut> ㅋㅋㅋㅋㅋㅋㅋㅋㅋㅋㅋㅋㅋㅋㅋㅋㅋㅋㅋ
[13:27:17] [Server thread/INFO]: <DittoNut> 제가 함
[13:27:30] [Server thread/INFO]: <swdt_> ㅋㅋㅋㅋㅋㅋ
[13:27:57] [Server thread/INFO]: <swdt_> ㄲㅂ
[13:27:58] [Server thread/INFO]: <DittoNut> 오
[13:28:23] [Server thread/INFO]: <swdt_> 아
[13:28:30] [Server thread/INFO]: <swdt_> ㄲㅂ
[13:28:44] [Server thread/INFO]: <DittoNut> 님 날라가봐요
[13:28:54] [Server thread/INFO]: <DittoNut> ㄲㅂ인데 이거
[13:29:04] [Server thread/INFO]: <DittoNut> 일반 힛으로 해야겠다
[13:29:07] [Server thread/INFO]: <DittoNut> 밀치기 너무쎔
[13:29:16] [Server thread/INFO]: <DittoNut> 더
[13:29:18] [Server thread/INFO]: <DittoNut> 와요
[13:29:24] [Server thread/INFO]: <swdt_> ㄲ
[13:29:25] [Server thread/INFO]: <swdt_> ㄲㅂ
[13:29:27] [Server thread/INFO]: <DittoNut> 늦게쳤다
[13:29:34] [Server thread/INFO]: <DittoNut> ㄲㅂ
[13:29:38] [Server thread/INFO]: <DittoNut> 한칸앞
[13:29:42] [Server thread/INFO]: <DittoNut> 오
[13:29:43] [Server thread/INFO]: <swdt_> 이
[13:29:43] [Server thread/INFO]: <swdt_> 아
[13:29:46] [Server thread/INFO]: <DittoNut> 쉬프트 잘 눌러요
[13:29:47] [Server thread/INFO]: <DittoNut> 321 해줌
[13:29:51] [Server thread/INFO]: <DittoNut> 3
[13:29:52] [Server thread/INFO]: <DittoNut> 2
[13:29:53] [Server thread/INFO]: <DittoNut> 1
[13:29:57] [Server thread/INFO]: <DittoNut> 타이밍
[13:30:02] [Server thread/INFO]: <DittoNut> 2
[13:30:03] [Server thread/INFO]: <DittoNut> 1
[13:30:06] [Server thread/INFO]: <DittoNut> ㄲㅂ
[13:30:17] [Server thread/INFO]: <DittoNut> 반대 보면서 달리면 어떨까요
[13:30:21] [Server thread/INFO]: <DittoNut> 오
[13:30:33] [Server thread/INFO]: <DittoNut> 점프 안하고 밀치기하니까 딱이네
[13:30:35] [Server thread/INFO]: <DittoNut> 뭐있나요
[13:30:40] [Server thread/INFO]: <swdt_> 발판 있고ㅉ
[13:30:50] [Server thread/INFO]: <DittoNut> 이거 리치 됌?
[13:30:57] [Server thread/INFO]: Named entity bsc['Shoot'/363, l='ServerLevel[Games]', x=276.50, y=15.00, z=24.50] died: Shoot was killed
[13:30:57] [Server thread/INFO]: Named entity bsc['Ira'/364, l='ServerLevel[Games]', x=250.61, y=14.00, z=28.13] died: Ira was killed whilst fighting DittoNut
[13:30:57] [Server thread/INFO]: Named entity bsc['Felix'/365, l='ServerLevel[Games]', x=276.50, y=15.00, z=28.50] died: Felix was killed
[13:31:01] [Server thread/INFO]: Named entity bsc['Ira'/367, l='ServerLevel[Games]', x=277.62, y=14.00, z=25.16] died: Ira was killed
[13:31:02] [Server thread/INFO]: Named entity bsc['Shoot'/366, l='ServerLevel[Games]', x=276.50, y=15.00, z=24.50] died: Shoot was killed
[13:31:02] [Server thread/INFO]: Named entity bsc['Felix'/368, l='ServerLevel[Games]', x=250.45, y=14.00, z=28.55] died: Felix was killed whilst fighting DittoNut
[13:31:02] [Server thread/INFO]: Named entity bsc['Ira'/369, l='ServerLevel[Games]', x=276.50, y=15.00, z=26.50] died: Ira was killed
[13:31:04] [Server thread/INFO]: Named entity bsc['Ira'/371, l='ServerLevel[Games]', x=265.75, y=13.00, z=27.22] died: Ira was killed whilst fighting DittoNut
[13:31:07] [Server thread/INFO]: Named entity bsc['Shoot'/370, l='ServerLevel[Games]', x=276.50, y=15.00, z=24.50] died: Shoot was killed
[13:31:07] [Server thread/INFO]: Named entity bsc['Felix'/372, l='ServerLevel[Games]', x=251.26, y=14.00, z=28.53] died: Felix was killed whilst fighting DittoNut
[13:31:07] [Server thread/INFO]: Named entity bsc['Ira'/373, l='ServerLevel[Games]', x=276.50, y=15.00, z=26.50] died: Ira was killed
[13:31:10] [Server thread/INFO]: Named entity bsc['Shoot'/374, l='ServerLevel[Games]', x=276.29, y=13.00, z=25.49] died: Shoot was killed
[13:31:19] [Server thread/INFO]: <swdt_> 저기 위에도 발판
[13:31:23] [Server thread/INFO]: <swdt_> ?
[13:31:28] [Server thread/INFO]: [swdt_: Set own game mode to Creative Mode]
[13:31:29] [Server thread/INFO]: Named entity bsc['Felix'/376, l='ServerLevel[Games]', x=277.77, y=14.00, z=28.55] died: Felix was killed
[13:31:31] [Server thread/INFO]: [swdt_: Set own game mode to Adventure Mode]
[13:31:32] [Server thread/INFO]: Named entity bsc['Ira'/375, l='ServerLevel[Games]', x=250.45, y=14.00, z=24.45] died: Ira was killed whilst fighting DittoNut
[13:31:34] [Server thread/INFO]: Named entity bsc['Ira'/379, l='ServerLevel[Games]', x=250.46, y=14.00, z=25.77] died: Ira was killed whilst fighting DittoNut
[13:31:38] [Server thread/INFO]: <DittoNut> 어디있
[13:31:45] [Server thread/INFO]: <swdt_> 저기 발판
[13:31:52] [Server thread/INFO]: <DittoNut> ㅇㄷ
[13:31:55] [Server thread/INFO]: Named entity bsc['Shoot'/377, l='ServerLevel[Games]', x=276.29, y=13.00, z=25.49] died: Shoot was killed
[13:32:00] [Server thread/INFO]: <DittoNut> ㅇㅎㅇㅎ
[13:32:04] [Server thread/INFO]: <DittoNut> 밟아봐요
[13:32:08] [Server thread/INFO]: <DittoNut> 이게 열려야할것같은데
[13:32:12] [Server thread/INFO]: Named entity bsc['Felix'/378, l='ServerLevel[Games]', x=277.77, y=14.00, z=28.55] died: Felix was killed
[13:32:15] [Server thread/INFO]: Named entity bsc['Ira'/380, l='ServerLevel[Games]', x=250.45, y=14.00, z=24.45] died: Ira was killed whilst fighting DittoNut
[13:32:15] [Server thread/INFO]: <swdt_> 아
[13:32:17] [Server thread/INFO]: Named entity bsc['Shoot'/381, l='ServerLevel[Games]', x=250.45, y=14.00, z=25.02] died: Shoot was killed whilst fighting DittoNut
[13:32:19] [Server thread/INFO]: Named entity bsc['Ira'/383, l='ServerLevel[Games]', x=250.45, y=14.00, z=27.78] died: Ira was killed whilst fighting DittoNut
[13:32:19] [Server thread/INFO]: <swdt_> 여기 열렸다
[13:32:20] [Server thread/INFO]: Named entity bsc['Felix'/382, l='ServerLevel[Games]', x=250.94, y=14.00, z=28.55] died: Felix was killed whilst fighting DittoNut
[13:32:20] [Server thread/INFO]: Named entity bsc['Ira'/385, l='ServerLevel[Games]', x=250.45, y=14.00, z=25.39] died: Ira was killed whilst fighting DittoNut
[13:32:21] [Server thread/INFO]: <swdt_> 계단
[13:32:21] [Server thread/INFO]: Named entity bsc['Shoot'/384, l='ServerLevel[Games]', x=250.45, y=14.00, z=24.45] died: Shoot was killed whilst fighting DittoNut
[13:32:23] [Server thread/INFO]: Named entity bsc['Ira'/387, l='ServerLevel[Games]', x=277.77, y=14.00, z=26.68] died: Ira was killed
[13:32:26] [Server thread/INFO]: <swdt_> 욜로 와야함
[13:32:32] [Server thread/INFO]: Named entity bsc['Shoot'/388, l='ServerLevel[Games]', x=275.45, y=13.00, z=25.96] died: Shoot was killed
[13:32:39] [Server thread/INFO]: <DittoNut> ㄲㅃ
[13:32:42] [Server thread/INFO]: Named entity bsc['Felix'/386, l='ServerLevel[Games]', x=275.29, y=13.00, z=27.02] died: Felix was killed
[13:32:55] [Server thread/INFO]: Named entity bsc['Ira'/389, l='ServerLevel[Games]', x=275.36, y=13.00, z=27.88] died: Ira was killed
[13:33:02] [Server thread/INFO]: <swdt_> ?
[13:33:05] [Server thread/INFO]: <swdt_> 오
[13:33:13] [Server thread/INFO]: <DittoNut> 뭐야 기믹이 또???????????
[13:33:15] [Server thread/INFO]: <DittoNut> ㅋㅋㅋㅋㅋㅋㅋㅋㅋㅋㅋㅋㅋㅋㅋㅋㅋㅋㅋㅋㅋㅋㅋㅋㅋㅋ
[13:33:25] [Server thread/INFO]: swdt_ has made the advancement [Take Aim]
[13:33:25] [Server thread/INFO]: <DittoNut> 내껀
[13:33:40] [Server thread/INFO]: <swdt_> 한개밖에
[13:34:00] [Server thread/INFO]: DittoNut has made the advancement [Sticky Situation]
[13:34:13] [Server thread/INFO]: swdt_ has made the advancement [Sticky Situation]
[13:34:42] [Server thread/INFO]: <DittoNut> 아앙
[13:34:48] [Server thread/INFO]: <DittoNut> 이걸 화살로 가는 식인듯
[13:35:28] [Server thread/INFO]: <DittoNut> 튜토 또 볼까
[13:35:31] [Server thread/INFO]: <swdt_> ㄱㄱ
[13:35:47] [Server thread/INFO]: <DittoNut> 어 활 두갠데
[13:35:50] [Server thread/INFO]: <swdt_> ?
[13:35:50] [Server thread/INFO]: [swdt_: Set own game mode to Creative Mode]
[13:35:53] [Server thread/INFO]: [DittoNut: Set own game mode to Creative Mode]
[13:35:53] [Server thread/INFO]: [swdt_: Set own game mode to Spectator Mode]
[13:36:00] [Server thread/INFO]: <swdt_> 한갠데
[13:36:05] [Server thread/INFO]: [swdt_: Set own game mode to Creative Mode]
[13:36:20] [Server thread/INFO]: [swdt_: Teleported swdt_ to DittoNut]
[13:36:20] [Server thread/WARN]: swdt_ moved too quickly! -51.61678848227791,-4.980484838101674,4.948935001397141
[13:36:34] [Server thread/INFO]: <swdt_> 복사함
[13:36:38] [Server thread/INFO]: <DittoNut> ㄴㄴ
[13:36:40] [Server thread/INFO]: <DittoNut> 활 얻어야
[13:36:41] [Server thread/INFO]: <DittoNut> 하는거
[13:36:50] [Server thread/INFO]: [swdt_: Set own game mode to Spectator Mode]
[13:36:51] [Server thread/INFO]: [swdt_: Set own game mode to Creative Mode]
[13:36:52] [Server thread/INFO]: [swdt_: Set own game mode to Survival Mode]
[13:36:52] [Server thread/INFO]: <DittoNut> 대충 알겠음
[13:36:55] [Server thread/INFO]: [DittoNut: Set own game mode to Adventure Mode]
[13:36:58] [Server thread/INFO]: <DittoNut> 어드밴처고
[13:37:00] [Server thread/INFO]: <DittoNut> 여기 오셈
[13:37:02] [Server thread/INFO]: [swdt_: Set own game mode to Adventure Mode]
[13:37:03] [Server thread/INFO]: [swdt_: Set own game mode to Survival Mode]
[13:37:03] [Server thread/INFO]: [swdt_: Set own game mode to Adventure Mode]
[13:37:42] [Server thread/INFO]: [DittoNut: Teleported DittoNut to swdt_]
[13:37:45] [Server thread/INFO]: <swdt_> ?
[13:37:58] [Server thread/INFO]: <DittoNut> dkzzzzzzzzzzzzzzzzz
[13:38:14] [Server thread/INFO]: <DittoNut> zzzzzzzzzzzzz
[13:38:50] [Server thread/INFO]: <DittoNut> 튜토리얼
[13:38:54] [Server thread/INFO]: <DittoNut> 봐야겠는데
[13:39:02] [Server thread/INFO]: <DittoNut> 아
[13:39:14] [Server thread/INFO]: <DittoNut> 어
[13:39:15] [Server thread/INFO]: <DittoNut> 뭐야
[13:39:42] [Server thread/INFO]: <DittoNut> 아하
[13:39:45] [Server thread/INFO]: <DittoNut> 일단 죽고
[13:39:55] [Server thread/INFO]: <DittoNut> 여기서
[13:39:57] [Server thread/INFO]: <DittoNut> 크리스탈
[13:39:58] [Server thread/INFO]: <DittoNut> 펑
[13:40:11] [Server thread/INFO]: <swdt_> 아
[13:40:14] [Server thread/INFO]: <swdt_> ㅋㅋㅋㅋ
[13:40:29] [Server thread/INFO]: <DittoNut> ㅈ기
[13:40:31] [Server thread/INFO]: <DittoNut> 보내줘
[13:41:01] [Server thread/INFO]: <DittoNut> 뭐 얻음
[13:41:27] [Server thread/INFO]: <DittoNut> ㄱㄷ
[13:41:29] [Server thread/INFO]: <swdt_> 튜토 어케 보는거임?
[13:41:33] [Server thread/INFO]: <DittoNut> 영상
[13:41:36] [Server thread/INFO]: <DittoNut> 처음에 준거
[13:41:37] [Server thread/INFO]: <DittoNut> 디코봐
[13:41:38] [Server thread/INFO]: <swdt_> ?
[13:41:41] [Server thread/INFO]: <DittoNut> 요
[13:41:57] [Server thread/INFO]: <DittoNut> 봄?
[13:42:06] [Server thread/INFO]: [DittoNut: Set own game mode to Creative Mode]
[13:42:13] [Server thread/INFO]: [DittoNut: Set own game mode to Adventure Mode]
[13:42:23] [Server thread/INFO]: <DittoNut> 님
[13:42:23] [Server thread/INFO]: <DittoNut> 님
[13:42:25] [Server thread/INFO]: <DittoNut> 와요
[13:42:26] [Server thread/INFO]: <DittoNut> 여기
[13:42:48] [Server thread/INFO]: <DittoNut> 휴
[13:42:52] [Server thread/INFO]: <DittoNut> 어
[13:42:53] [Server thread/INFO]: <DittoNut> 잠만
[13:43:04] [Server thread/INFO]: <DittoNut> 원래 제가 먹는게
[13:43:06] [Server thread/INFO]: <DittoNut> ㅁ자는듯
[13:43:06] [Server thread/INFO]: [DittoNut: Set own game mode to Creative Mode]
[13:43:16] [Server thread/INFO]: <swdt_> 우리 활
[13:43:23] [Server thread/INFO]: [DittoNut: Set own game mode to Adventure Mode]
[13:43:27] [Server thread/INFO]: DittoNut has made the advancement [Take Aim]
[13:43:31] [Server thread/INFO]: <DittoNut> 이게 아닌가
[13:43:33] [Server thread/INFO]: <DittoNut> 왜 안넘어감
[13:43:47] [Server thread/INFO]: <DittoNut> 저기 양옆
[13:43:52] [Server thread/INFO]: [swdt_: Set own game mode to Spectator Mode]
[13:43:53] [Server thread/INFO]: [swdt_: Set own game mode to Adventure Mode]
[13:43:54] [Server thread/INFO]: <DittoNut> 이거 좀 설명이 타이틀로 띄우면 좋겠다
[13:43:56] [Server thread/INFO]: <swdt_> 활 먹고 옴?
[13:43:59] [Server thread/INFO]: <DittoNut> ㅇㅇ
[13:44:26] [Server thread/INFO]: <DittoNut> 어디감
[13:44:36] [Server thread/INFO]: <DittoNut> 골인지점
[13:44:38] [Server thread/INFO]: <DittoNut> 찾아줘요
[13:45:17] [Server thread/INFO]: <DittoNut> ?
[13:45:24] [Server thread/INFO]: [DittoNut: Set own game mode to Creative Mode]
[13:45:26] [Server thread/INFO]: [DittoNut: Set own game mode to Adventure Mode]
[13:45:27] [Server thread/INFO]: <DittoNut> 어
[13:45:29] [Server thread/INFO]: [DittoNut: Set own game mode to Creative Mode]
[13:45:48] [Server thread/INFO]: <swdt_> 리셋 함
[13:45:57] [Server thread/INFO]: [DittoNut: Set own game mode to Adventure Mode]
[13:46:07] [Server thread/INFO]: <DittoNut> zz
[13:46:18] [Server thread/INFO]: <swdt_> ㅋㅋㅋㅋㅋㅋ
[13:46:55] [Server thread/INFO]: <DittoNut> ss
[13:47:51] [Server thread/INFO]: <DittoNut> 리셋
[13:48:51] [Server thread/INFO]: <swdt_> ㅌ튜토 볼까
[13:48:54] [Server thread/INFO]: <DittoNut> ㄴㄴ
[13:48:56] [Server thread/INFO]: <DittoNut> ㄱㅊㄱㅊㅇ
[13:48:57] [Server thread/INFO]: <DittoNut> 머리속으로
[13:48:58] [Server thread/INFO]: <DittoNut> 이해함
[13:50:24] [Server thread/INFO]: <DittoNut> 개어려운디
[13:51:19] [Server thread/INFO]: <DittoNut> 과부하!!
[13:51:22] [Server thread/INFO]: <swdt_> ㅋㅋㅋㅋㅋㅋ
[13:51:33] [Server thread/INFO]: <swdt_> 이건 튜토 봐야함
[13:51:36] [Server thread/INFO]: <swdt_> 겁ㄴ ㅏ어려움
[13:51:36] [Server thread/INFO]: <DittoNut> ㄴㄴ
[13:51:37] [Server thread/INFO]: <DittoNut> 이해
[13:51:51] [Server thread/INFO]: <swdt_> 잠시 후...
[13:51:53] [Server thread/INFO]: <swdt_> 과부하!!
[13:52:07] [Server thread/INFO]: <DittoNut> GG
[13:52:13] [Server thread/INFO]: <swdt_> 올
[13:52:36] [Server thread/INFO]: <DittoNut> 님저기
[13:52:57] [Server thread/INFO]: <DittoNut> ㅃㄹㅃㄹ
[13:53:15] [Server thread/INFO]: <DittoNut> ㄱㄷㄱㄷ
[13:53:32] [Server thread/INFO]: <swdt_> ㄴㄴ
[13:53:33] [Server thread/INFO]: <DittoNut> 눌러요
[13:53:42] [Server thread/INFO]: <DittoNut> 한번더
[13:53:55] [Server thread/INFO]: <DittoNut> 먼저 깨고 해야되려나
[13:53:57] [Server thread/INFO]: <DittoNut> ㄱㄷ
[13:54:00] [Server thread/INFO]: <DittoNut> 눌러요
[13:54:05] [Server thread/INFO]: <DittoNut> 한번더
[13:54:16] [Server thread/INFO]: <swdt_> ?
[13:54:17] [Server thread/INFO]: <swdt_> 갇힘
[13:54:21] [Server thread/INFO]: <DittoNut> ㅇ?
[13:54:29] [Server thread/INFO]: <DittoNut> 미투
[13:54:34] [Server thread/INFO]: <DittoNut> 버섯 버리면
[13:54:35] [Server thread/INFO]: <DittoNut> 되는듯
[13:54:44] [Server thread/INFO]: <swdt_> 아
[13:54:46] [Server thread/INFO]: <DittoNut> 머릿속으로 풀고 해야겠는데
[13:54:56] [Server thread/INFO]: <DittoNut> 저 가야되서
[13:55:01] [Server thread/INFO]: <DittoNut> 동생이 해줄거에요
[13:55:02] [Server thread/INFO]: <DittoNut> 아마도
[13:55:04] [Server thread/INFO]: <swdt_> ?
[13:55:10] [Server thread/INFO]: <DittoNut> 10분이따 올듯
[13:55:17] [Server thread/INFO]: <swdt_> 오캐
[13:56:33] [Server thread/INFO]: <swdt_> 어케 풀죠
[14:00:53] [Server thread/INFO]: [swdt_: Set own game mode to Spectator Mode]
[14:01:02] [Server thread/INFO]: [swdt_: Set own game mode to Adventure Mode]
[14:01:02] [Server thread/INFO]: swdt_ lost connection: Disconnected
[14:01:02] [Server thread/INFO]: swdt_ left the game
[14:06:14] [Server thread/INFO]: DittoNut lost connection: Disconnected
[14:06:14] [Server thread/INFO]: DittoNut left the game
[14:06:58] [User Authenticator #3/INFO]: UUID of player swdt_ is 4bc70ee0-144b-4552-9a60-26cf493ba4ea
[14:06:58] [Server thread/INFO]: swdt_[/49.165.230.229:54388] logged in with entity id 964 at (512.0041099718325, 106.07971239431488, -230.30000001192093)
[14:06:59] [Server thread/INFO]: swdt_ joined the game
[14:07:01] [Server thread/INFO]: [swdt_: Set own game mode to Creative Mode]
[14:07:03] [User Authenticator #4/INFO]: UUID of player DittoNut is bba15cc6-cfe1-43c3-9c7c-07acaa669d23
[14:07:03] [Server thread/INFO]: DittoNut[/127.0.0.1:51123] logged in with entity id 969 at (511.8928235836626, 108.0, -239.30000001192093)
[14:07:03] [Server thread/INFO]: DittoNut joined the game
[14:07:06] [Server thread/INFO]: [swdt_: Teleported swdt_ to DittoNut]
[14:07:07] [Server thread/INFO]: [swdt_: Set own game mode to Adventure Mode]
[14:07:10] [Server thread/INFO]: <DittoNut> rr
[14:07:20] [Server thread/INFO]: <DittoNut> ㄴㄴ 님은 거기서
[14:07:21] [Server thread/INFO]: <DittoNut> 클릭
[14:07:34] [Server thread/INFO]: <DittoNut> 원모어
[14:07:37] [Server thread/INFO]: <DittoNut> 원모어
[14:07:42] [Server thread/INFO]: <DittoNut> 더
[14:07:47] [Server thread/INFO]: <DittoNut> ㄴㄴ 파랑
[14:07:50] [Server thread/INFO]: <DittoNut> 막힘
[14:08:00] [Server thread/INFO]: <DittoNut> 노랑 누를 수 있음?
[14:08:16] [Server thread/INFO]: <DittoNut> 오 옴
[14:08:24] [Server thread/INFO]: <DittoNut> 파랑
[14:08:29] [Server thread/INFO]: <DittoNut> 파랑
[14:08:52] [Server thread/INFO]: <swdt_> 한번 더
[14:09:09] [Server thread/INFO]: <swdt_> ?
[14:09:11] [Server thread/INFO]: <DittoNut> 지도 끝쪽에
[14:09:12] [Server thread/INFO]: <DittoNut> 노랑 가요
[14:09:20] [Server thread/INFO]: <DittoNut> 눌러요
[14:09:20] [Server thread/INFO]: <DittoNut> 노랑
[14:09:24] [Server thread/INFO]: <DittoNut> 원모어
[14:09:38] [Server thread/INFO]: <DittoNut> 파랑 돌아갈 수 있죠?
[14:09:46] [Server thread/INFO]: <DittoNut> 한번더
[14:09:51] [Server thread/INFO]: <DittoNut> 한번더
[14:09:56] [Server thread/INFO]: <DittoNut> 계속
[14:10:05] [Server thread/INFO]: <DittoNut> 스땁
[14:10:14] [Server thread/INFO]: <DittoNut> 한번
[14:10:21] [Server thread/INFO]: <DittoNut> GG
[14:10:24] [Server thread/INFO]: <swdt_> 같이
[14:10:26] [Server thread/INFO]: <DittoNut> 어
[14:10:29] [Server thread/INFO]: <DittoNut> ㄹㅇ???
[14:10:30] [Server thread/INFO]: [DittoNut: Set own game mode to Creative Mode]
[14:10:31] [Server thread/INFO]: <swdt_> 가야하는 것ㄱ ㅏㅌ은데
[14:10:41] [Server thread/INFO]: [DittoNut: Set own game mode to Spectator Mode]
[14:10:54] [Server thread/INFO]: [DittoNut: Teleported DittoNut to swdt_]
[14:10:54] [Server thread/WARN]: DittoNut moved too quickly! 0.26063557590742903,17.24992207480338,-191.1971386512001
[14:10:54] [Server thread/WARN]: DittoNut moved too quickly! 0.26063557590742903,17.24992207480338,-191.1971386512001
[14:10:54] [Server thread/WARN]: DittoNut moved too quickly! 0.26063557590742903,17.24992207480338,-191.1971386512001
[14:10:56] [Server thread/INFO]: [DittoNut: Set own game mode to Creative Mode]
[14:11:03] [Server thread/INFO]: [DittoNut: Set own game mode to Adventure Mode]
[14:11:19] [Server thread/INFO]: <DittoNut> sla duvdp
[14:11:19] [Server thread/INFO]: <DittoNut> dd
[14:11:25] [Server thread/INFO]: <DittoNut> gksqjsej snfmrh
[14:11:27] [Server thread/INFO]: <swdt_> 님 옆에
[14:11:28] [Server thread/INFO]: <swdt_> ㅇㅇ
[14:11:29] [Server thread/INFO]: <DittoNut> 한번더 누르고
[14:11:31] [Server thread/INFO]: <DittoNut> 갈수 있나요?
[14:11:38] [Server thread/INFO]: <swdt_> 갇힘
[14:11:40] [Server thread/INFO]: <DittoNut> 안되겠는데
[14:11:50] [Server thread/INFO]: <DittoNut> 직진
[14:11:51] [Server thread/INFO]: <DittoNut> 직진
[14:11:53] [Server thread/INFO]: <DittoNut> 직진
[14:12:14] [Server thread/INFO]: <DittoNut> 스읍
[14:12:19] [Server thread/INFO]: <DittoNut> 이거 그림판에다 그림그리면서
[14:12:21] [Server thread/INFO]: <DittoNut> 해야겠는데요
[14:12:22] [Server thread/INFO]: <swdt_> ?
[14:12:27] [Server thread/INFO]: <DittoNut> 님 똑똑하죠
[14:12:34] [Server thread/INFO]: <DittoNut> 제 머리로는 더 안돼요
[14:12:35] [Server thread/INFO]: <DittoNut> 아
[14:12:38] [Server thread/INFO]: [DittoNut: Gave 1 [Item Frame] to DittoNut]
[14:12:39] [Server thread/INFO]: [DittoNut: Set own game mode to Creative Mode]
[14:12:40] [Server thread/INFO]: [DittoNut: Set own game mode to Adventure Mode]
[14:12:43] [Server thread/INFO]: [DittoNut: Set own game mode to Creative Mode]
[14:12:43] [Server thread/INFO]: [DittoNut: Set own game mode to Adventure Mode]
[14:12:53] [Server thread/INFO]: [DittoNut: Set own game mode to Creative Mode]
[14:13:08] [Server thread/INFO]: [DittoNut: Set own game mode to Adventure Mode]
[14:13:11] [Server thread/INFO]: <DittoNut> 돌리기금지
[14:14:29] [Server thread/INFO]: <DittoNut> 튜토는 미로에서 하면 노잼이긴해서..
[14:14:33] [Server thread/INFO]: [DittoNut: Set own game mode to Creative Mode]
[14:14:34] [Server thread/INFO]: [DittoNut: Set own game mode to Adventure Mode]
[14:14:35] [Server thread/INFO]: <DittoNut> ㄱㄱ
[14:14:38] [Server thread/INFO]: <DittoNut> 아무렇게나 해보죠
[14:14:39] [Server thread/INFO]: <swdt_> 딴 맵 하실래요
[14:15:00] [Server thread/INFO]: <DittoNut> 님 와서
[14:15:01] [Server thread/INFO]: <DittoNut> 노란색
[14:15:02] [Server thread/INFO]: <DittoNut> 눌러요
[14:15:09] [Server thread/INFO]: <DittoNut> 한번더
[14:15:24] [Server thread/INFO]: <DittoNut> 노랑
[14:15:30] [Server thread/INFO]: <DittoNut> 노랑
[14:15:36] [Server thread/INFO]: <DittoNut> 노랑
[14:15:40] [Server thread/INFO]: <DittoNut> ㄱㄷ
[14:15:54] [Server thread/INFO]: <DittoNut> 노랑
[14:15:56] [Server thread/INFO]: <DittoNut> 계속
[14:16:02] [Server thread/INFO]: <DittoNut> 끝
[14:16:08] [Server thread/INFO]: <DittoNut> 님 오게 해볼게요
[14:16:23] [Server thread/INFO]: <DittoNut> 위 가있어요
[14:16:37] [Server thread/INFO]: <DittoNut> 옆
[14:16:40] [Server thread/INFO]: <DittoNut> 왼쪽
[14:17:03] [Server thread/INFO]: <swdt_> 여기 노란색 버튼
[14:17:04] [Server thread/INFO]: <DittoNut> 노랑 한번 누르고
[14:17:11] [Server thread/INFO]: <DittoNut> 세번
[14:17:17] [Server thread/INFO]: <DittoNut> ㅇㅇ 와요
[14:17:42] [Server thread/INFO]: <DittoNut> 노랑 아까 가서 세번
[14:17:57] [Server thread/INFO]: <DittoNut> ㄴㄴ
[14:17:57] [Server thread/INFO]: <DittoNut> 다시
[14:17:58] [Server thread/INFO]: <DittoNut> ㄱㄷ
[14:18:12] [Server thread/INFO]: <DittoNut> 또한번
[14:18:15] [Server thread/INFO]: <DittoNut> 노랑
[14:18:32] [Server thread/INFO]: <DittoNut> 알아서 노랑 눌러서 다시 파랑 누르는 길 만드실 수 있죠?
[14:18:33] [Server thread/INFO]: <DittoNut> 해봐요
[14:18:53] [Server thread/INFO]: <DittoNut> 눌러봐여
[14:19:03] [Server thread/INFO]: <DittoNut> 눌러요 파랑
[14:19:04] [Server thread/INFO]: <DittoNut> 또
[14:19:10] [Server thread/INFO]: <DittoNut> 또
[14:19:16] [Server thread/INFO]: <DittoNut> 새번
[14:19:34] [Server thread/INFO]: <DittoNut> 노랑 누를 수가 있나
[14:19:37] [Server thread/INFO]: <DittoNut> 아 머리아퍼
[14:19:41] [Server thread/INFO]: <DittoNut> 리셋하고 튜토 볼까요
[14:19:49] [Server thread/INFO]: <DittoNut> 님이 한번 명령해보실래요
[14:19:52] [Server thread/INFO]: <swdt_> ?
[14:19:53] [Server thread/INFO]: <DittoNut> 전 포기
[14:19:55] [Server thread/INFO]: <swdt_> 저도 포기
[14:19:57] [Server thread/INFO]: <DittoNut> ㅋ
[14:19:58] [Server thread/INFO]: <DittoNut> ㅋㅋ
[14:19:59] [Server thread/INFO]: <swdt_> 리셋?
[14:20:02] [Server thread/INFO]: <DittoNut> 리셋하고
[14:20:03] [Server thread/INFO]: <DittoNut> 튜토
[14:20:48] [Server thread/INFO]: <DittoNut> 튜토 본대로 제가 해볼게요
[14:20:56] [Server thread/INFO]: <DittoNut> 직진
[14:21:11] [Server thread/INFO]: <DittoNut> ㄴㄴ 가지말고
[14:21:12] [Server thread/INFO]: <DittoNut> 아까 그자리
[14:21:24] [Server thread/INFO]: <DittoNut> 왼쪽
[14:21:43] [Server thread/INFO]: <DittoNut> 가만히!
[14:22:02] [Server thread/INFO]: <DittoNut> 올라가요
[14:22:04] [Server thread/INFO]: <DittoNut> 왼쪽 위
[14:22:17] [Server thread/INFO]: <swdt_> 노랑 버튼
[14:22:26] [Server thread/INFO]: <DittoNut> 노랑 한번
[14:22:46] [Server thread/INFO]: <DittoNut> 거기 있으셈
[14:22:49] [Server thread/INFO]: <DittoNut> 이제 제가 오는건듯
[14:23:07] [Server thread/INFO]: <DittoNut> 노랑
[14:23:10] [Server thread/INFO]: <DittoNut> 두번
[14:23:14] [Server thread/INFO]: <DittoNut> 저기여?
[14:23:25] [Server thread/INFO]: <DittoNut> 네
[14:23:43] [Server thread/INFO]: <DittoNut> 두번
[14:23:52] [Server thread/INFO]: <DittoNut> 더
[14:24:04] [Server thread/INFO]: <DittoNut> 한번
[14:24:09] [Server thread/INFO]: <DittoNut> 스땁
[14:24:10] [Server thread/INFO]: <DittoNut> ㄱㄷㄱㄷ
[14:24:24] [Server thread/INFO]: <DittoNut> 중앙으로 올라울 수 있죠?
[14:24:31] [Server thread/INFO]: <DittoNut> 오른쪽
[14:24:38] [Server thread/INFO]: <DittoNut> ㄴㄴ
[14:24:39] [Server thread/INFO]: <DittoNut> ㄴㄴ
[14:24:44] [Server thread/INFO]: <DittoNut> 가운데에서 멈춤
[14:24:58] [Server thread/INFO]: <DittoNut> 왼쪽
[14:25:07] [Server thread/INFO]: <DittoNut> 어 저거
[14:25:09] [Server thread/INFO]: <DittoNut> 노랑 한번
[14:25:11] [Server thread/INFO]: <DittoNut> 눌러야함
[14:25:13] [Server thread/INFO]: <DittoNut> 다시 가요
[14:25:16] [Server thread/INFO]: <DittoNut> ㄴㄴ
[14:25:18] [Server thread/INFO]: <DittoNut> ㅇㅇ
[14:25:31] [Server thread/INFO]: <DittoNut> ㄱㄷㄱㄷ
[14:25:32] [Server thread/INFO]: <swdt_> 파랑 버튼
[14:25:51] [Server thread/INFO]: <DittoNut> 눌러요
[14:25:55] [Server thread/INFO]: <DittoNut> 버튼 무슨색임
[14:25:56] [Server thread/INFO]: <DittoNut> 어
[14:26:10] [Server thread/INFO]: <DittoNut> 노랑 누를 수 있나
[14:26:11] [Server thread/INFO]: [DittoNut: Set own game mode to Creative Mode]
[14:26:22] [Server thread/INFO]: [DittoNut: Set own game mode to Adventure Mode]
[14:26:37] [Server thread/INFO]: <DittoNut> 노랑 다시 누르러
[14:26:37] [Server thread/INFO]: <DittoNut> 가여
[14:26:54] [Server thread/INFO]: <DittoNut> ㄴㄴ
[14:26:54] [Server thread/INFO]: <DittoNut> 더
[14:26:58] [Server thread/INFO]: <DittoNut> 머더
[14:27:03] [Server thread/INFO]: <DittoNut> ㄴㄴ
[14:27:06] [Server thread/INFO]: <DittoNut> 갠찮
[14:27:08] [Server thread/INFO]: <DittoNut> 누르지말고
[14:27:08] [Server thread/INFO]: <DittoNut> ㄱㄱ
[14:27:22] [Server thread/INFO]: <DittoNut> 눌러요
[14:27:29] [Server thread/INFO]: <DittoNut> 계속
[14:28:02] [Server thread/INFO]: <swdt_> 노랑 버튼
[14:28:04] [Server thread/INFO]: <DittoNut> 위로
[14:28:15] [Server thread/INFO]: <DittoNut> ㄴㄴ
[14:28:17] [Server thread/INFO]: <DittoNut> 아까 거기
[14:28:18] [Server thread/INFO]: <DittoNut> 노랑
[14:28:19] [Server thread/INFO]: <DittoNut> 가있어요
[14:28:37] [Server thread/INFO]: <DittoNut> 파랑 못누르네
[14:28:38] [Server thread/INFO]: <DittoNut> 아잇
[14:28:39] [Server thread/INFO]: <DittoNut> 뒤로 ㄱㄱ
[14:29:07] [Server thread/INFO]: <DittoNut> 어 눌러봐요
[14:29:11] [Server thread/INFO]: <DittoNut> ㄱㄱ
[14:29:19] [Server thread/INFO]: <DittoNut> 위
[14:29:27] [Server thread/INFO]: <swdt_> 파랑 버튼
[14:29:30] [Server thread/INFO]: <DittoNut> 계속
[14:29:40] [Server thread/INFO]: <DittoNut> GG!!!!!!!!!!!
[14:30:09] [Server thread/INFO]: <DittoNut> 님이 쏘고 있을래요?
[14:30:13] [Server thread/INFO]: <DittoNut> 제가 쏘고 있을까요
[14:30:29] [Server thread/INFO]: <DittoNut> ㄱㄱ
[14:30:36] [Server thread/INFO]: <DittoNut> 꿀로는
[14:30:39] [Server thread/INFO]: <DittoNut> 가기 힘들어요
[14:30:54] [Server thread/INFO]: <swdt_> ㄴㄴ
[14:30:55] [Server thread/INFO]: <swdt_> ㄴㄴ
[14:30:56] [Server thread/INFO]: <swdt_> ㄴㄴ
[14:30:57] [Server thread/INFO]: <DittoNut> ㅇㅎ
[14:30:58] [Server thread/INFO]: <swdt_> 아
[14:31:00] [Server thread/INFO]: <DittoNut> 끼지 말고
[14:31:03] [Server thread/INFO]: <DittoNut> 정식루트 ㅋㅋㅌ
[14:31:10] [Server thread/INFO]: <swdt_> ㄴㄴㄴㄴㄴㄴㄴ
[14:31:14] [Server thread/INFO]: <DittoNut> 정식루트..
[14:31:14] [Server thread/INFO]: <swdt_> ㅇ만으ㅑㅁ
[14:31:15] [Server thread/INFO]: <swdt_> 쏘지말고
[14:31:16] [Server thread/INFO]: <DittoNut> 제가 할게요
[14:31:31] [Server thread/INFO]: <swdt_> 와
[14:31:42] [Server thread/INFO]: <swdt_> 도전과제 달성
[14:32:05] [Server thread/INFO]: <DittoNut> 여기
[14:32:06] [Server thread/INFO]: <DittoNut> 어케감
[14:32:26] [Server thread/INFO]: <swdt_> 보여드림
[14:32:38] [Server thread/INFO]: <DittoNut> ?
[14:32:39] [Server thread/INFO]: <DittoNut> 어케
[14:32:41] [Server thread/INFO]: <DittoNut> 다시
[14:32:49] [Server thread/INFO]: <swdt_> 앜
[14:32:54] [Server thread/INFO]: <DittoNut> 되네
[14:33:30] [Server thread/INFO]: <DittoNut> 오셈
[14:33:54] [Server thread/INFO]: <DittoNut> 효과
[14:34:12] [Server thread/INFO]: <DittoNut> 빨강
[14:35:54] [Server thread/INFO]: <DittoNut> 저좀만
[14:40:42] [Server thread/INFO]: <DittoNut> ㄴㄴ
[14:40:45] [Server thread/INFO]: <DittoNut> 바꾸지말고
[14:40:47] [Server thread/INFO]: <DittoNut> 목표가 ㅇㄷ
[14:40:50] [Server thread/INFO]: <swdt_> ㄲㅂ
[14:41:01] [Server thread/INFO]: <DittoNut> ㅇㅎㅇㅎ
[14:41:02] [Server thread/INFO]: <swdt_> 옴
[14:42:30] [Server thread/INFO]: <DittoNut> 죽이지
[14:42:31] [Server thread/INFO]: <DittoNut> 마세요
[14:43:20] [Server thread/INFO]: <DittoNut> ?
[14:43:57] [Server thread/INFO]: <swdt_> ?
[14:43:58] [Server thread/INFO]: <swdt_> ㅈㅅ
[14:45:46] [Server thread/INFO]: <DittoNut> 끝이 어디
[14:46:02] [Server thread/INFO]: <DittoNut> 리셋하고 튜토 좀만 봐서 어떤느낌인지 보죠
[14:46:09] [Server thread/INFO]: <swdt_> ?
[14:46:23] [Server thread/INFO]: <DittoNut> 막 혼자
[14:46:26] [Server thread/INFO]: <DittoNut> 켜졌다 꺼짐
[14:46:32] [Server thread/INFO]: <swdt_> 이거 밟아서 그럼
[14:46:40] [Server thread/INFO]: <DittoNut> 아 연결된 것끼리;
[14:46:43] [Server thread/INFO]: <DittoNut> 저 가야돼요
[14:46:46] [Server thread/INFO]: <swdt_> 네
[14:48:19] [Server thread/INFO]: DittoNut lost connection: Disconnected
[14:48:19] [Server thread/INFO]: DittoNut left the game
[14:48:31] [Server thread/WARN]: Can't keep up! Is the server overloaded? Running 2363ms or 47 ticks behind
[14:48:38] [Server thread/INFO]: Stopping the server
[14:48:38] [Server thread/INFO]: Stopping server
[14:48:38] [Server thread/INFO]: Saving players
[14:48:38] [Server thread/INFO]: swdt_ lost connection: Server closed
[14:48:38] [Server thread/INFO]: swdt_ left the game
[14:48:38] [Server thread/INFO]: Saving worlds
[14:48:39] [Server thread/INFO]: Saving chunks for level 'ServerLevel[Games]'/minecraft:overworld
[14:48:39] [Server thread/INFO]: Saving chunks for level 'ServerLevel[Games]'/minecraft:the_nether
[14:48:39] [Server thread/INFO]: Saving chunks for level 'ServerLevel[Games]'/minecraft:the_end
[14:48:39] [Server thread/INFO]: ThreadedAnvilChunkStorage (world): All chunks are saved
[14:48:39] [Server thread/INFO]: ThreadedAnvilChunkStorage (DIM-1): All chunks are saved
[14:48:39] [Server thread/INFO]: ThreadedAnvilChunkStorage (DIM1): All chunks are saved
[14:48:39] [Server thread/INFO]: ThreadedAnvilChunkStorage: All dimensions are saved
